[17-Jun-2026 11:07:14 America/Chicago] Extension: png
[17-Jun-2026 11:07:14 America/Chicago] Extension: png
[17-Jun-2026 11:07:14 America/Chicago] Extension: png
[17-Jun-2026 11:07:14 America/Chicago] Extension: png
[17-Jun-2026 11:07:14 America/Chicago] Extension: png
[17-Jun-2026 11:07:14 America/Chicago] Extension: png
[17-Jun-2026 11:07:14 America/Chicago] Extension: png
[17-Jun-2026 11:07:14 America/Chicago] Extension: png
[17-Jun-2026 11:07:57 America/Chicago] Extension: png
[17-Jun-2026 11:07:57 America/Chicago] Extension: png
[17-Jun-2026 11:07:57 America/Chicago] Extension: png
[17-Jun-2026 11:07:57 America/Chicago] Extension: png
[17-Jun-2026 11:07:57 America/Chicago] Extension: png
[17-Jun-2026 11:07:57 America/Chicago] Extension: png
[17-Jun-2026 11:07:57 America/Chicago] Extension: png
[17-Jun-2026 11:07:57 America/Chicago] Extension: png
[18-Jun-2026 09:52:16 America/Chicago] Extension: png
[18-Jun-2026 09:52:16 America/Chicago] Extension: png
[18-Jun-2026 09:52:17 America/Chicago] Extension: png
[18-Jun-2026 09:52:18 America/Chicago] Extension: png
[18-Jun-2026 09:58:23 America/Chicago] Extension: png
[18-Jun-2026 09:59:56 America/Chicago] Extension: png
[18-Jun-2026 09:59:56 America/Chicago] Extension: png
[18-Jun-2026 09:59:57 America/Chicago] Extension: png
[18-Jun-2026 09:59:57 America/Chicago] Extension: png
[18-Jun-2026 09:59:57 America/Chicago] Extension: png
[18-Jun-2026 09:59:57 America/Chicago] Extension: png
[18-Jun-2026 09:59:57 America/Chicago] Extension: png
[18-Jun-2026 09:59:57 America/Chicago] Extension: png
[18-Jun-2026 09:59:57 America/Chicago] Extension: png
[18-Jun-2026 09:59:57 America/Chicago] Extension: png
[18-Jun-2026 09:59:57 America/Chicago] Extension: png
[18-Jun-2026 10:01:02 America/Chicago] Extension: png
[18-Jun-2026 10:01:02 America/Chicago] Extension: png
[18-Jun-2026 10:01:02 America/Chicago] Extension: png
[18-Jun-2026 10:01:03 America/Chicago] Extension: png
[18-Jun-2026 10:05:29 America/Chicago] Extension: png
[18-Jun-2026 10:07:05 America/Chicago] Extension: png
[18-Jun-2026 10:07:05 America/Chicago] Extension: png
[18-Jun-2026 10:07:05 America/Chicago] Extension: png
[18-Jun-2026 10:07:06 America/Chicago] Extension: png
[18-Jun-2026 10:13:39 America/Chicago] Extension: png
[18-Jun-2026 10:16:29 America/Chicago] Extension: png
[18-Jun-2026 10:19:14 America/Chicago] Extension: png
[18-Jun-2026 10:19:36 America/Chicago] Extension: png
[18-Jun-2026 10:38:45 America/Chicago] Extension: png
[18-Jun-2026 10:39:12 America/Chicago] Extension: png
[18-Jun-2026 10:50:41 America/Chicago] Extension: png
[18-Jun-2026 10:51:07 America/Chicago] Extension: png
[18-Jun-2026 10:51:41 America/Chicago] Extension: png
[18-Jun-2026 10:55:18 America/Chicago] Extension: png
[18-Jun-2026 10:55:59 America/Chicago] Extension: png
[18-Jun-2026 12:47:38 America/Chicago] Extension: png
[18-Jun-2026 12:48:16 America/Chicago] Extension: png
[18-Jun-2026 13:54:27 America/Chicago] Extension: png
[18-Jun-2026 13:54:27 America/Chicago] Creating thumbnail for forest-watercolor.png: original size 1920x1080, new size 533x299
[18-Jun-2026 13:54:27 America/Chicago] Extension: png
[18-Jun-2026 13:54:29 America/Chicago] Creating thumbnail for forest-watercolor.png: original size 762x1080, new size 211x300
[18-Jun-2026 13:55:51 America/Chicago] Extension: png
[18-Jun-2026 13:55:52 America/Chicago] Extension: png
[18-Jun-2026 13:55:52 America/Chicago] Extension: png
[18-Jun-2026 13:55:52 America/Chicago] Extension: png
[18-Jun-2026 13:55:52 America/Chicago] Extension: png
[18-Jun-2026 13:55:52 America/Chicago] Extension: png
[18-Jun-2026 13:55:52 America/Chicago] Extension: png
[18-Jun-2026 13:55:52 America/Chicago] Extension: png
[18-Jun-2026 13:58:23 America/Chicago] Extension: png
[18-Jun-2026 13:58:23 America/Chicago] Creating thumbnail for pickleballer-party.png: original size 1920x1080, new size 533x299
[18-Jun-2026 13:58:23 America/Chicago] Extension: png
[18-Jun-2026 13:58:23 America/Chicago] Creating thumbnail for pickleballer-party.png: original size 212x300, new size 212x300
[18-Jun-2026 17:10:06 America/Chicago] Extension: png
[18-Jun-2026 17:10:06 America/Chicago] Creating thumbnail for minecraft-party.png: original size 1920x1080, new size 533x299
[18-Jun-2026 17:10:06 America/Chicago] Extension: png
[18-Jun-2026 17:10:06 America/Chicago] Creating thumbnail for minecraft-party.png: original size 212x300, new size 141x200
[18-Jun-2026 18:52:20 America/Chicago] Extension: png
[29-Jun-2026 10:01:51 America/Chicago] Extension: jpg
[29-Jun-2026 10:04:15 America/Chicago] Extension: png
[29-Jun-2026 10:08:52 America/Chicago] Extension: jpg
[29-Jun-2026 10:09:36 America/Chicago] Extension: webp
[29-Jun-2026 10:20:24 America/Chicago] Extension: png
[29-Jun-2026 18:19:13 America/Chicago] Extension: png
[29-Jun-2026 18:54:45 America/Chicago] Extension: png
[29-Jun-2026 18:55:34 America/Chicago] Extension: jpg
[29-Jun-2026 19:00:58 America/Chicago] Extension: png
[29-Jun-2026 19:01:17 America/Chicago] Extension: png
[29-Jun-2026 19:03:16 America/Chicago] Extension: png
